# JRE version: OpenJDK Runtime Environment Temurin-17.0.1+12 (17.0.1+12) (build 17.0.1+12)
# Java VM: OpenJDK 64-Bit Server VM Temurin-17.0.1+12 (17.0.1+12, mixed mode, tiered, jvmci, compressed oops, compressed class ptrs, g1 gc, bsd-aarch64)
Heap:
 garbage-first heap   total 565248K, used 93880K [0x00000003c0000000, 0x00000007c0000000)
  region size 8192K, 10 young (81920K), 1 survivors (8192K)
 Metaspace       used 59797K, committed 60160K, reserved 1105920K
  class space    used 7041K, committed 7232K, reserved 1048576K
GC Heap History (18 events):
Event: 0.319 GC heap before
{Heap before GC invocations=0 (full 0):
 garbage-first heap   total 1048576K, used 49152K [0x00000003c0000000, 0x00000007c0000000)
  region size 8192K, 6 young (49152K), 0 survivors (0K)
 Metaspace       used 18337K, committed 18560K, reserved 1073152K
  class space    used 1907K, committed 1984K, reserved 1048576K
}
Event: 0.322 GC heap after
{Heap after GC invocations=1 (full 0):
 garbage-first heap   total 1048576K, used 6863K [0x00000003c0000000, 0x00000007c0000000)
  region size 8192K, 1 young (8192K), 1 survivors (8192K)
 Metaspace       used 18337K, committed 18560K, reserved 1073152K
  class space    used 1907K, committed 1984K, reserved 1048576K
}
Event: 0.370 GC heap before
{Heap before GC invocations=1 (full 0):
 garbage-first heap   total 1048576K, used 15055K [0x00000003c0000000, 0x00000007c0000000)
  region size 8192K, 3 young (24576K), 1 survivors (8192K)
 Metaspace       used 21320K, committed 21504K, reserved 1073152K
  class space    used 2210K, committed 2304K, reserved 1048576K
}
Event: 0.373 GC heap after
{Heap after GC invocations=2 (full 0):
 garbage-first heap   total 1048576K, used 7635K [0x00000003c0000000, 0x00000007c0000000)
  region size 8192K, 1 young (8192K), 1 survivors (8192K)
 Metaspace       used 21320K, committed 21504K, reserved 1073152K
  class space    used 2210K, committed 2304K, reserved 1048576K
}
Event: 0.627 GC heap before
{Heap before GC invocations=3 (full 0):
 garbage-first heap   total 81920K, used 48595K [0x00000003c0000000, 0x00000007c0000000)
  region size 8192K, 7 young (57344K), 1 survivors (8192K)
 Metaspace       used 34291K, committed 34560K, reserved 1081344K
  class space    used 4094K, committed 4224K, reserved 1048576K
}
Event: 0.628 GC heap after
{Heap after GC invocations=4 (full 0):
 garbage-first heap   total 81920K, used 10451K [0x00000003c0000000, 0x00000007c0000000)
  region size 8192K, 1 young (8192K), 1 survivors (8192K)
 Metaspace       used 34291K, committed 34560K, reserved 1081344K
  class space    used 4094K, committed 4224K, reserved 1048576K
}
Event: 0.653 GC heap before
{Heap before GC invocations=4 (full 0):
 garbage-first heap   total 81920K, used 10451K [0x00000003c0000000, 0x00000007c0000000)
  region size 8192K, 2 young (16384K), 1 survivors (8192K)
 Metaspace       used 35979K, committed 36096K, reserved 1081344K
  class space    used 4249K, committed 4288K, reserved 1048576K
}
Event: 0.657 GC heap after
{Heap after GC invocations=5 (full 0):
 garbage-first heap   total 81920K, used 11019K [0x00000003c0000000, 0x00000007c0000000)
  region size 8192K, 1 young (8192K), 1 survivors (8192K)
 Metaspace       used 35979K, committed 36096K, reserved 1081344K
  class space    used 4249K, committed 4288K, reserved 1048576K
}
Event: 0.661 GC heap before
{Heap before GC invocations=5 (full 0):
 garbage-first heap   total 81920K, used 11019K [0x00000003c0000000, 0x00000007c0000000)
  region size 8192K, 2 young (16384K), 1 survivors (8192K)
 Metaspace       used 36274K, committed 36416K, reserved 1089536K
  class space    used 4286K, committed 4352K, reserved 1048576K
}
Event: 0.662 GC heap after
{Heap after GC invocations=6 (full 0):
 garbage-first heap   total 81920K, used 11063K [0x00000003c0000000, 0x00000007c0000000)
  region size 8192K, 1 young (8192K), 1 survivors (8192K)
 Metaspace       used 36274K, committed 36416K, reserved 1089536K
  class space    used 4286K, committed 4352K, reserved 1048576K
}
Event: 0.941 GC heap before
{Heap before GC invocations=7 (full 0):
 garbage-first heap   total 81920K, used 43831K [0x00000003c0000000, 0x00000007c0000000)
  region size 8192K, 6 young (49152K), 1 survivors (8192K)
 Metaspace       used 49235K, committed 49536K, reserved 1097728K
  class space    used 5990K, committed 6144K, reserved 1048576K
}
Event: 0.944 GC heap after
{Heap after GC invocations=8 (full 0):
 garbage-first heap   total 81920K, used 14821K [0x00000003c0000000, 0x00000007c0000000)
  region size 8192K, 1 young (8192K), 1 survivors (8192K)
 Metaspace       used 49235K, committed 49536K, reserved 1097728K
  class space    used 5990K, committed 6144K, reserved 1048576K
}
Event: 1.002 GC heap before
{Heap before GC invocations=8 (full 0):
 garbage-first heap   total 81920K, used 14821K [0x00000003c0000000, 0x00000007c0000000)
  region size 8192K, 2 young (16384K), 1 survivors (8192K)
 Metaspace       used 51155K, committed 51456K, reserved 1097728K
  class space    used 6232K, committed 6336K, reserved 1048576K
}
Event: 1.007 GC heap after
{Heap after GC invocations=9 (full 0):
 garbage-first heap   total 81920K, used 15939K [0x00000003c0000000, 0x00000007c0000000)
  region size 8192K, 1 young (8192K), 1 survivors (8192K)
 Metaspace       used 51155K, committed 51456K, reserved 1097728K
  class space    used 6232K, committed 6336K, reserved 1048576K
}
Event: 1.144 GC heap before
{Heap before GC invocations=9 (full 0):
 garbage-first heap   total 81920K, used 40515K [0x00000003c0000000, 0x00000007c0000000)
  region size 8192K, 5 young (40960K), 1 survivors (8192K)
 Metaspace       used 55538K, committed 55872K, reserved 1105920K
  class space    used 6709K, committed 6848K, reserved 1048576K
}
Event: 1.147 GC heap after
{Heap after GC invocations=10 (full 0):
 garbage-first heap   total 81920K, used 20737K [0x00000003c0000000, 0x00000007c0000000)
  region size 8192K, 1 young (8192K), 1 survivors (8192K)
 Metaspace       used 55538K, committed 55872K, reserved 1105920K
  class space    used 6709K, committed 6848K, reserved 1048576K
}
Event: 1.279 GC heap before
{Heap before GC invocations=10 (full 0):
 garbage-first heap   total 81920K, used 53505K [0x00000003c0000000, 0x00000007c0000000)
  region size 8192K, 5 young (40960K), 1 survivors (8192K)
 Metaspace       used 56702K, committed 57088K, reserved 1105920K
  class space    used 6800K, committed 6976K, reserved 1048576K
}
Event: 1.281 GC heap after
{Heap after GC invocations=11 (full 0):
 garbage-first heap   total 565248K, used 22259K [0x00000003c0000000, 0x00000007c0000000)
  region size 8192K, 1 young (8192K), 1 survivors (8192K)
 Metaspace       used 56702K, committed 57088K, reserved 1105920K
  class space    used 6800K, committed 6976K, reserved 1048576K
}

